1596808632291	geckodriver	INFO	Listening on 127.0.0.1:49814
1596808633087	mozrunner::runner	INFO	Running command: "/Applications/Firefox.app/Contents/MacOS/firefox-bin" "--marionette" "-foreground" "-no-remote" "-profile" "/var/folders/kn/fh547y4j2ds2cbw1fpwt93sc0000gn/T/rust_mozprofile4apvJU"
console.error: SearchCache: "_readCacheFile: Error reading cache file:" (new Error("", "(unknown module)"))
1596808635600	Marionette	INFO	Listening on port 49821
1596808635643	Marionette	WARN	TLS certificate errors will be ignored for this session
1596808671255	geckodriver	INFO	Listening on 127.0.0.1:49886
1596808672242	mozrunner::runner	INFO	Running command: "/Applications/Firefox.app/Contents/MacOS/firefox-bin" "--marionette" "-foreground" "-no-remote" "-profile" "/var/folders/kn/fh547y4j2ds2cbw1fpwt93sc0000gn/T/rust_mozprofilexxXLfF"
console.error: SearchCache: "_readCacheFile: Error reading cache file:" (new Error("", "(unknown module)"))
1596808674520	Marionette	INFO	Listening on port 49897
1596808674611	Marionette	WARN	TLS certificate errors will be ignored for this session
1596808693553	Marionette	INFO	Stopped listening on port 49821
1596808698073	Marionette	INFO	Stopped listening on port 49897
1596809141607	geckodriver	INFO	Listening on 127.0.0.1:50001
1596809141655	mozrunner::runner	INFO	Running command: "/Applications/Firefox.app/Contents/MacOS/firefox-bin" "--marionette" "-foreground" "-no-remote" "-profile" "/var/folders/kn/fh547y4j2ds2cbw1fpwt93sc0000gn/T/rust_mozprofile1vFsek"
console.error: SearchCache: "_readCacheFile: Error reading cache file:" (new Error("", "(unknown module)"))
1596809144020	Marionette	INFO	Listening on port 50010
1596809144109	Marionette	WARN	TLS certificate errors will be ignored for this session
1596809193130	Marionette	INFO	Stopped listening on port 50010
1596813747889	geckodriver	INFO	Listening on 127.0.0.1:57865
1596813748903	mozrunner::runner	INFO	Running command: "/Applications/Firefox.app/Contents/MacOS/firefox-bin" "--marionette" "-foreground" "-no-remote" "-profile" "/var/folders/kn/fh547y4j2ds2cbw1fpwt93sc0000gn/T/rust_mozprofile20jGNC"
console.error: SearchCache: "_readCacheFile: Error reading cache file:" (new Error("", "(unknown module)"))
1596813751370	Marionette	INFO	Listening on port 57880
1596813751408	Marionette	WARN	TLS certificate errors will be ignored for this session
1596813834631	Marionette	INFO	Stopped listening on port 57880
1605003130774	geckodriver	INFO	Listening on 127.0.0.1:50995
1605003131622	mozrunner::runner	INFO	Running command: "/Applications/Firefox.app/Contents/MacOS/firefox-bin" "--marionette" "-foreground" "-no-remote" "-profile" "/var/folders/kn/fh547y4j2ds2cbw1fpwt93sc0000gn/T/rust_mozprofile06brug"
console.error: SearchCache: "_readCacheFile: Error reading cache file:" (new Error("", "(unknown module)"))
1605003140239	Marionette	INFO	Listening on port 51006
1605010111001	Marionette	INFO	Stopped listening on port 51006
