10/12/20 16:45:22 PM Thursday: BarcodeConfigurations: INFO: Web element found with l10/12/20 16:46:20 PM Thursday: WebDriverClass: INFO: Chrome driver is initializing.
 BarcodeConfigurations: INFO: Clicked on WebElement with locator value Configurations using locator Type: link
10/12/20 16:45:43 PM Thursday: BarcodeConfigurations: INFO: Web element found with locator value: body > app-root > div > app-side-nav > mat-drawer-container > mat-drawer-content > span > app-configuration-list > div > div.actions-container > a > app-button > button using locator Type: css
10/12/20 16:45:44 PM Thursday: BarcodeConfigurations: INFO: Scrolled to WebElement with locator value body > app-root > div > app-side-nav > mat-drawer-container > mat-drawer-content > span > app-configuration-list > div > div.actions-container > a > app-button > button using locatorType css
10/12/20 16:45:44 PM Thursday: BarcodeConfigurations: INFO: Web element found with locator value: body > app-root > div > app-side-nav > mat-drawer-container > mat-drawer-content > span > app-configuration-list > div > div.actions-container > a > app-button > button using locator Type: css
10/12/20 16:45:44 PM Thursday: BarcodeConfigurations: INFO: Clicked on WebElement with locator value body > app-root > div > app-side-nav > mat-drawer-container > mat-drawer-content > span > app-configuration-list > div > div.actions-container > a > app-button > button using locator Type: css
10/12/20 16:45:44 PM Thursday: BarcodeConfigurations: INFO: Web element found with locator value: #new-file-card > mat-card-content > app-button:nth-child(3) > button using locator Type: css
10/12/20 16:45:45 PM Thursday: BarcodeConfigurations: INFO: Clicked on WebElement with locator value #new-file-card > mat-card-content > app-button:nth-child(3) > button using locator Type: css
10/12/20 16:45:45 PM Thursday: BarcodeConfigurations: INFO: Web element found with locator value: #done-btn > button using locator Type: css
10/12/20 16:45:45 PM Thursday: BarcodeConfigurations: INFO: Clicked on WebElement with locator value #done-btn > button using locator Type: css
10/12/20 16:45:45 PM Thursday: BarcodeConfigurations: INFO: Web element found with locator value: #name-input > div > div.input-wrapper > input usin10/12/20 16:46:23 PM Thursday: BaseClass: INFO: Web page launched with url: https://d36o9jt7i3m1do.cloudfront.net/home
10/12/20 16:46:26 PM Thursday: BaseClass: INFO: Web element found with locator value: #login-container > mat-card > div.interaction-container.ng-star-inserted using locator Type: css
10/12/20 16:46:26 PM Thursday: BaseClass: INFO: WebElement is Displayed on web page with locator value #login-container > mat-card > div.interaction-container.ng-star-inserted using locatorType css
10/12/20 16:46:28 PM Thursday: BaseClass: INFO: Web element found with locator value: #customer-id-field > div > div.input-wrapper > input using locator Type: css
10/12/20 16:46:28 PM Thursday: BaseClass: INFO: Sent the text 7w02gw6z in WebElement with locator value #customer-id-field > div > div.input-wrapper > input using locatorType css
10/12/20 16:46:28 PM Thursday: BaseClass: INFO: Web element found with locator value: #email-field > div > div.input-wrapper > input using locator Type: css
10/12/20 16:46:28 PM Thursday: BaseClass: INFO: Sent the text candi.chiu@proglove.de in WebElement with locator value #email-field > div > div.input-wrapper > input using locatorType css
10/12/20 16:46:28 PM Thursday: BaseClass: INFO: Web element found with locator value: #password-field > div > div.input-wrapper.password-wrapper > input using locator Type: css
10/12/20 16:46:28 PM Thursday: BaseClass: INFO: Sent the text 0Apob6059! in WebElement with locator value #password-field > div > div.input-wrapper.password-wrapper > input using locatorType css
10/12/20 16:46:30 PM Thursday: BaseClass: INFO: Web element found with locator value: #login-btn > button using locator Type: css
10/12/20 16:46:30 PM Thursday: BaseClass: INFO: Clicked on WebElement with locator value #login-btn > button using locator Type: css
10/12/20 16:46:40 PM Thursday: BaseClass: INFO: Web element found with locator value: body > app-root > div > app-side-nav > mat-drawer-container > mat-drawer-content > span > app-home > div using locator Type: css
10/12/20 16:46:40 PM Thursday: BaseClass: INFO: WebElement is Displayed on web page with locator value body > app-root > div > app-side-nav > mat-drawer-container > mat-drawer-content > span > app-home > div using locatorType css
div > mat-card > mat-card-content > table > tbody > tr:nth-child(1) > td.mat-cell.cdk-column-name.mat-column-name.ng-star-inserted using locatorType css
10/12/20 16:46:40 PM Thursday: BarcodeConfigurations: INFO: Web element found with locator value: Configurations using locator Type: link
10/12/20 16:46:40 PM Thursday: BarcodeConfigurations: INFO: Clicked on WebElement with locator value Configurations using locator Type: link
10/12/20 16:47:01 PM Thursday: BarcodeConfigurations: INFO: Web element found with locator value: body > app-root > div > app-side-nav > mat-drawer-container > mat-drawer-content > span > app-configuration-list > div > div.actions-container > a > app-button > button using locator Type: css
10/12/20 16:47:02 PM Thursday: BarcodeConfigurations: INFO: Scrolled to WebElement with locator value body > app-root > div > app-side-nav > mat-drawer-container > mat-drawer-content > span > app-configuration-list > div > div.actions-container > a > app-button > button using locatorType css
10/12/20 16:47:02 PM Thursday: BarcodeConfigurations: INFO: Web element found with locator value: body > app-root > div > app-side-nav > mat-drawer-container > mat-drawer-content > span > app-configuration-list > div > div.actions-container > a > app-button > button using locator Type: css
10/12/20 16:47:02 PM Thursday: BarcodeConfigurations: INFO: Clicked on WebElement with locator value body > app-root > div > app-side-nav > mat-drawer-container > mat-drawer-content > span > app-configuration-list > div > div.actions-container > a > app-button > button using locator Type: css
10/12/20 16:47:02 PM Thursday: BarcodeConfigurations: INFO: Web element found with locator value: #new-file-card > mat-card-content > app-button:nth-child(3) > button using locator Type: css
10/12/20 16:47:02 PM Thursday: BarcodeConfigurations: INFO: Clicked on WebElement with locator value #new-file-card > mat-card-content > app-button:nth-child(3) > button using locator Type: css
10/12/20 16:47:05 PM Thursday: BarcodeConfigurations: INFO: Web element found with locator value: #done-btn > button using locator Type: css
10/12/20 16:47:06 PM Thursday: BarcodeConfigurations: INFO: Scrolled to WebElement with locator value #done-btn > button using locatorType css
10/12/20 16:47:06 PM Thursday: BarcodeConfigurations: INFO: Web element found with locator value: /html/body/app-root/div/app-side-nav/mat-drawer-container/mat-drawer-content/span/app-configuration-detail/div/div[2]/mat-tab-group/div/mat-tab-body/div/app-configuration-profile/div/mat-vertical-stepper/div[5]/mat-step-header using locator Type: xpath
10/12/20 16:47:06 PM Thursday: BarcodeConfigurations: INFO: Clicked on WebElement with locator value /html/body/app-root/div/app-side-nav/mat-drawer-container/mat-drawer-content/span/app-configuration-detail/div/div[2]/mat-tab-group/div/mat-tab-body/div/app-configuration-profile/div/mat-vertical-stepper/div[5]/mat-step-header using locator Type: xpath
10/12/20 16:47:06 PM Thursday: BarcodeConfigurations: INFO: Web element found with locator value: #done-btn > button using locator Type: css
10/12/20 16:47:06 PM Thursday: BarcodeConfigurations: INFO: Scrolled to WebElement with locator value #done-btn > button using locatorType css
10/12/20 16:47:06 PM Thursday: BarcodeConfigurations: INFO: Web element found with locator value: //button[@class='pg-fab mat-fab mat-button-base mat-accent'] using locator Type: xpath
10/12/20 16:47:06 PM Thursday: BarcodeConfigurations: INFO: Clicked on WebElement with locator value //button[@class='pg-fab mat-fab mat-button-base mat-accent'] using locator Type: xpath
10/12/20 16:47:08 PM Thursday: BarcodeConfigurations: INFO: Web element found with locator value: #rules-details > div:nth-child(1) > app-text-input > div > div.input-wrapper > input using locator Type: css
10/12/20 16:47:09 PM Thursday: BarcodeConfigurations: INFO: Sent the text 10 Random Rules in WebElement with locator value #rules-details > div:nth-child(1) > app-text-input > div > div.input-wrapper > input using locatorType css
10/12/20 16:47:09 PM Thursday: BarcodeConfigurations: INFO: Web element found with locator value: #condition-container > mat-card > button using locator Type: css
10/12/20 16:47:09 PM Thursday: BarcodeConfigurations: INFO: Clicked on WebElement with locator value #condition-container > mat-card > button using locator Type: css
10/12/20 16:47:09 PM Thursday: BarcodeConfigurations: INFO: Web element found with locator value: #condition-section > div.condition-parameter-container > mat-card > app-text-input > div > div.input-wrapper > input using locator Type: css
10/12/20 16:47:10 PM Thursday: BarcodeConfigurations: INFO: Sent the text asdfagjrklgjfdklgldkf;ldasdfagjrklgjfdklgldkf;ldasdfagjrklgjfdklgldkf;ldasdfagjrklgjfdklgldkf;ldasdfagjrklgjfdklgldkf;ldasdfagjrklgjfdklgldkf;ldasdfagjrklgjfdklgldkf;ldasdfagjrklgjfdklgldkf;ldasdfagjrklgjfdklgldkf;ldasdfagjrklgjfdklgldkf;ldasdfagjrklgjfdklgldkf;ldasdfagjrklgjfdklgldkf;ldasdfagjrklgjfdklgldkf;ldasdfagjrklgjfdklgldkf;ld in WebElement with locator value #condition-section > div.condition-parameter-container > mat-card > app-text-input > div > div.input-wrapper > input using locatorType css
10/12/20 16:47:10 PM Thursday: BarcodeConfigurations: INFO: Web element found with locator value: #condition-section > app-button > button using locator Type: css
10/12/20 16:47:11 PM Thursday: BarcodeConfigurations: INFO: Clicked on WebElement with locator value #condition-section > app-button > button using locator Type: css
10/12/20 16:47:13 PM Thursday: BarcodeConfigurations: INFO: Web element found with locator value: #condition-container > mat-card > button using locator Type: css
10/12/20 16:47:13 PM Thursday: BarcodeConfigurations: INFO: Clicked on WebElement with locator value #condition-container > mat-card > button using locator Type: css
10/12/20 16:47:13 PM Thursday: BarcodeConfigurations: INFO: Web element found with locator value: #condition-section > div.condition-parameter-container > mat-card > app-text-input > div > div.input-wrapper > input using locator Type: css
10/12/20 16:47:14 PM Thursday: BarcodeConfigurations: INFO: Sent the text asdfagjrklgjfdklgldkf;ldasdfagjrklgjfdklgldkf;ldasdfagjrklgjfdklgldkf;ldasdfagjrklgjfdklgldkf;ldasdfagjrklgjfdklgldkf;ldasdfagjrklgjfdklgldkf;ldasdfagjrklgjfdklgldkf;ldasdfagjrklgjfdklgldkf;ldasdfagjrklgjfdklgldkf;ldasdfagjrklgjfdklgldkf;ldasdfagjrklgjfdklgldkf;ldasdfagjrklgjfdklgldkf;ldasdfagjrklgjfdklgldkf;ldasdfagjrklgjfdklgldkf;ld in WebElement with locator value #condition-section > div.condition-parameter-container > mat-card > app-text-input > div > div.input-wrapper > input using locatorType css
10/12/20 16:47:14 PM Thursday: BarcodeConfigurations: INFO: Web element found with locator value: #condition-section > app-button > button using locator Type: css
10/12/20 16:47:14 PM Thursday: BarcodeConfigurations: INFO: Clicked on WebElement with locator value #condition-section > app-button > button using locator Type: css
10/12/20 16:47:16 PM Thursday: BarcodeConfigurations: INFO: Web element found with locator value: #condition-container > mat-card > button using locator Type: css
10/12/20 16:47:17 PM Thursday: BarcodeConfigurations: INFO: Clicked on WebElement with locator value #condition-container > mat-card > button using locator Type: css
10/12/20 16:47:17 PM Thursday: BarcodeConfigurations: INFO: Web element found with locator value: #condition-section > div.condition-parameter-container > mat-card > app-text-input > div > div.input-wrapper > input using locator Type: css
10/12/20 16:47:18 PM Thursday: BarcodeConfigurations: INFO: Sent the text asdfagjrklgjfdklgldkf;ldasdfagjrklgjfdklgldkf;ldasdfagjrklgjfdklgldkf;ldasdfagjrklgjfdklgldkf;ldasdfagjrklgjfdklgldkf;ldasdfagjrklgjfdklgldkf;ldasdfagjrklgjfdklgldkf;ldasdfagjrklgjfdklgldkf;ldasdfagjrklgjfdklgldkf;ldasdfagjrklgjfdklgldkf;ldasdfagjrklgjfdklgldkf;ldasdfagjrklgjfdklgldkf;ldasdfagjrklgjfdklgldkf;ldasdfagjrklgjfdklgldkf;ld in WebElement with locator value #condition-section > div.condition-parameter-container > mat-card > app-text-input > div > div.input-wrapper > input using locatorType css
10/12/20 16:47:18 PM Thursday: BarcodeConfigurations: INFO: Web element found with locator value: #condition-section > app-button > button using locator Type: css
10/12/20 16:47:18 PM Thursday: BarcodeConfigurations: INFO: Clicked on WebElement with locator value #condition-section > app-button > button using locator Type: css
10/12/20 16:47:20 PM Thursday: BarcodeConfigurations: INFO: Web element found with locator value: #condition-container > mat-card > button using locator Type: css
10/12/20 16:47:20 PM Thursday: BarcodeConfigurations: INFO: Clicked on WebElement with locator value #condition-container > mat-card > button using locator Type: css
10/12/20 16:47:20 PM Thursday: BarcodeConfigurations: INFO: Web element found with locator value: #condition-section > div.condition-parameter-container > mat-card > app-text-input > div > div.input-wrapper > input using locator Type: css
10/12/20 16:47:22 PM Thursday: BarcodeConfigurations: INFO: Sent the text asdfagjrklgjfdklgldkf;ldasdfagjrklgjfdklgldkf;ldasdfagjrklgjfdklgldkf;ldasdfagjrklgjfdklgldkf;ldasdfagjrklgjfdklgldkf;ldasdfagjrklgjfdklgldkf;ldasdfagjrklgjfdklgldkf;ldasdfagjrklgjfdklgldkf;ldasdfagjrklgjfdklgldkf;ldasdfagjrklgjfdklgldkf;ldasdfagjrklgjfdklgldkf;ldasdfagjrklgjfdklgldkf;ldasdfagjrklgjfdklgldkf;ldasdfagjrklgjfdklgldkf;ld in WebElement with locator value #condition-section > div.condition-parameter-container > mat-card > app-text-input > div > div.input-wrapper > input using locatorType css
10/12/20 16:47:22 PM Thursday: BarcodeConfigurations: INFO: Web element found with locator value: #condition-section > app-button > button using locator Type: css
10/12/20 16:47:22 PM Thursday: BarcodeConfigurations: INFO: Clicked on WebElement with locator value #condition-section > app-button > button using locator Type: css
10/12/20 16:47:24 PM Thursday: BarcodeConfigurations: INFO: Web element found with locator value: #condition-container > mat-card > button using locator Type: css
10/12/20 16:47:24 PM Thursday: BarcodeConfigurations: INFO: Clicked on WebElement with locator value #condition-container > mat-card > button using locator Type: css
10/12/20 16:47:24 PM Thursday: BarcodeConfigurations: INFO: Web element found with locator value: #condition-section > div.condition-parameter-container > mat-card > app-text-input > div > div.input-wrapper > input using locator Type: css
10/12/20 16:47:26 PM Thursday: BarcodeConfigurations: INFO: Sent the text asdfagjrklgjfdklgldkf;ldasdfagjrklgjfdklgldkf;ldasdfagjrklgjfdklgldkf;ldasdfagjrklgjfdklgldkf;ldasdfagjrklgjfdklgldkf;ldasdfagjrklgjfdklgldkf;ldasdfagjrklgjfdklgldkf;ldasdfagjrklgjfdklgldkf;ldasdfagjrklgjfdklgldkf;ldasdfagjrklgjfdklgldkf;ldasdfagjrklgjfdklgldkf;ldasdfagjrklgjfdklgldkf;ldasdfagjrklgjfdklgldkf;ldasdfagjrklgjfdklgldkf;ld in WebElement with locator value #condition-section > div.condition-parameter-container > mat-card > app-text-input > div > div.input-wrapper > input using locatorType css
10/12/20 16:47:26 PM Thursday: BarcodeConfigurations: INFO: Web element found with locator value: #condition-section > app-button > button using locator Type: css
10/12/20 16:47:26 PM Thursday: BarcodeConfigurations: INFO: Clicked on WebElement with locator value #condition-section > app-button > button using locator Type: css
10/12/20 16:47:28 PM Thursday: BarcodeConfigurations: INFO: Web element found with locator value: #condition-container > mat-card > button using locator Type: css
10/12/20 16:47:28 PM Thursday: BarcodeConfigurations: INFO: Clicked on WebElement with locator value #condition-container > mat-card > button using locator Type: css
10/12/20 16:47:28 PM Thursday: BarcodeConfigurations: INFO: Web element found with locator value: #condition-section > div.condition-parameter-container > mat-card > app-text-input > div > div.input-wrapper > input using locator Type: css
10/12/20 16:47:30 PM Thursday: BarcodeConfigurations: INFO: Sent the text asdfagjrklgjfdklgldkf;ldasdfagjrklgjfdklgldkf;ldasdfagjrklgjfdklgldkf;ldasdfagjrklgjfdklgldkf;ldasdfagjrklgjfdklgldkf;ldasdfagjrklgjfdklgldkf;ldasdfagjrklgjfdklgldkf;ldasdfagjrklgjfdklgldkf;ldasdfagjrklgjfdklgldkf;ldasdfagjrklgjfdklgldkf;ldasdfagjrklgjfdklgldkf;ldasdfagjrklgjfdklgldkf;ldasdfagjrklgjfdklgldkf;ldasdfagjrklgjfdklgldkf;ld in WebElement with locator value #condition-section > div.condition-parameter-container > mat-card > app-text-input > div > div.input-wrapper > input using locatorType css
10/12/20 16:47:30 PM Thursday: BarcodeConfigurations: INFO: Web element found with locator value: #condition-section > app-button > button using locator Type: css
10/12/20 16:47:30 PM Thursday: BarcodeConfigurations: INFO: Clicked on WebElement with locator value #condition-section > app-button > button using locator Type: css
10/12/20 16:47:32 PM Thursday: BarcodeConfigurations: INFO: Web element found with locator value: #condition-container > mat-card > button using locator Type: css
10/12/20 16:47:32 PM Thursday: BarcodeConfigurations: INFO: Clicked on WebElement with locator value #condition-container > mat-card > button using locator Type: css
10/12/20 16:47:32 PM Thursday: BarcodeConfigurations: INFO: Web element found with locator value: #condition-section > div.condition-parameter-container > mat-card > app-text-input > div > div.input-wrapper > input using locator Type: css
10/12/20 16:47:33 PM Thursday: BarcodeConfigurations: INFO: Sent the text asdfagjrklgjfdklgldkf;ldasdfagjrklgjfdklgldkf;ldasdfagjrklgjfdklgldkf;ldasdfagjrklgjfdklgldkf;ldasdfagjrklgjfdklgldkf;ldasdfagjrklgjfdklgldkf;ldasdfagjrklgjfdklgldkf;ldasdfagjrklgjfdklgldkf;ldasdfagjrklgjfdklgldkf;ldasdfagjrklgjfdklgldkf;ldasdfagjrklgjfdklgldkf;ldasdfagjrklgjfdklgldkf;ldasdfagjrklgjfdklgldkf;ldasdfagjrklgjfdklgldkf;ld in WebElement with locator value #condition-section > div.condition-parameter-container > mat-card > app-text-input > div > div.input-wrapper > input using locatorType css
10/12/20 16:47:33 PM Thursday: BarcodeConfigurations: INFO: Web element found with locator value: #condition-section > app-button > button using locator Type: css
10/12/20 16:47:33 PM Thursday: BarcodeConfigurations: INFO: Clicked on WebElement with locator value #condition-section > app-button > button using locator Type: css
10/12/20 16:47:35 PM Thursday: BarcodeConfigurations: INFO: Web element found with locator value: #condition-container > mat-card > button using locator Type: css
10/12/20 16:47:35 PM Thursday: BarcodeConfigurations: INFO: Clicked on WebElement with locator value #condition-container > mat-card > button using locator Type: css
10/12/20 16:47:35 PM Thursday: BarcodeConfigurations: INFO: Web element found with locator value: #condition-section > div.condition-parameter-container > mat-card > app-text-input > div > div.input-wrapper > input using locator Type: css
10/12/20 16:47:37 PM Thursday: BarcodeConfigurations: INFO: Sent the text asdfagjrklgjfdklgldkf;ldasdfagjrklgjfdklgldkf;ldasdfagjrklgjfdklgldkf;ldasdfagjrklgjfdklgldkf;ldasdfagjrklgjfdklgldkf;ldasdfagjrklgjfdklgldkf;ldasdfagjrklgjfdklgldkf;ldasdfagjrklgjfdklgldkf;ldasdfagjrklgjfdklgldkf;ldasdfagjrklgjfdklgldkf;ldasdfagjrklgjfdklgldkf;ldasdfagjrklgjfdklgldkf;ldasdfagjrklgjfdklgldkf;ldasdfagjrklgjfdklgldkf;ld in WebElement with locator value #condition-section > div.condition-parameter-container > mat-card > app-text-input > div > div.input-wrapper > input using locatorType css
10/12/20 16:47:37 PM Thursday: BarcodeConfigurations: INFO: Web element found with locator value: #condition-section > app-button > button using locator Type: css
10/12/20 16:47:37 PM Thursday: BarcodeConfigurations: INFO: Clicked on WebElement with locator value #condition-section > app-button > button using locator Type: css
10/12/20 16:47:39 PM Thursday: BarcodeConfigurations: INFO: Web element found with locator value: #condition-container > mat-card > button using locator Type: css
10/12/20 16:47:39 PM Thursday: BarcodeConfigurations: INFO: Clicked on WebElement with locator value #condition-container > mat-card > button using locator Type: css
10/12/20 16:47:39 PM Thursday: BarcodeConfigurations: INFO: Web element found with locator value: #condition-section > div.condition-parameter-container > mat-card > app-text-input > div > div.input-wrapper > input using locator Type: css
10/12/20 16:47:41 PM Thursday: BarcodeConfigurations: INFO: Sent the text asdfagjrklgjfdklgldkf;ldasdfagjrklgjfdklgldkf;ldasdfagjrklgjfdklgldkf;ldasdfagjrklgjfdklgldkf;ldasdfagjrklgjfdklgldkf;ldasdfagjrklgjfdklgldkf;ldasdfagjrklgjfdklgldkf;ldasdfagjrklgjfdklgldkf;ldasdfagjrklgjfdklgldkf;ldasdfagjrklgjfdklgldkf;ldasdfagjrklgjfdklgldkf;ldasdfagjrklgjfdklgldkf;ldasdfagjrklgjfdklgldkf;ldasdfagjrklgjfdklgldkf;ld in WebElement with locator value #condition-section > div.condition-parameter-container > mat-card > app-text-input > div > div.input-wrapper > input using locatorType css
10/12/20 16:47:41 PM Thursday: BarcodeConfigurations: INFO: Web element found with locator value: #condition-section > app-button > button using locator Type: css
10/12/20 16:47:41 PM Thursday: BarcodeConfigurations: INFO: Clicked on WebElement with locator value #condition-section > app-button > button using locator Type: css
10/12/20 16:47:43 PM Thursday: BarcodeConfigurations: INFO: Web element found with locator value: #condition-container > mat-card > button using locator Type: css
10/12/20 16:47:43 PM Thursday: BarcodeConfigurations: INFO: Clicked on WebElement with locator value #condition-container > mat-card > button using locator Type: css
10/12/20 16:47:43 PM Thursday: BarcodeConfigurations: INFO: Web element found with locator value: #condition-section > div.condition-parameter-container > mat-card > app-text-input > div > div.input-wrapper > input using locator Type: css
10/12/20 16:47:45 PM Thursday: BarcodeConfigurations: INFO: Sent the text asdfagjrklgjfdklgldkf;ldasdfagjrklgjfdklgldkf;ldasdfagjrklgjfdklgldkf;ldasdfagjrklgjfdklgldkf;ldasdfagjrklgjfdklgldkf;ldasdfagjrklgjfdklgldkf;ldasdfagjrklgjfdklgldkf;ldasdfagjrklgjfdklgldkf;ldasdfagjrklgjfdklgldkf;ldasdfagjrklgjfdklgldkf;ldasdfagjrklgjfdklgldkf;ldasdfagjrklgjfdklgldkf;ldasdfagjrklgjfdklgldkf;ldasdfagjrklgjfdklgldkf;ld in WebElement with locator value #condition-section > div.condition-parameter-container > mat-card > app-text-input > div > div.input-wrapper > input using locatorType css
10/12/20 16:47:45 PM Thursday: BarcodeConfigurations: INFO: Web element found with locator value: #condition-section > app-button > button using locator Type: css
10/12/20 16:47:45 PM Thursday: BarcodeConfigurations: INFO: Clicked on WebElement with locator value #condition-section > app-button > button using locator Type: css
10/12/20 16:47:50 PM Thursday: BarcodeConfigurations: INFO: Web element found with locator value: #action-container > mat-card > button using locator Type: css
10/12/20 16:47:50 PM Thursday: BarcodeConfigurations: INFO: Clicked on WebElement with locator value #action-container > mat-card > button using locator Type: css
10/12/20 16:47:50 PM Thursday: BarcodeConfigurations: INFO: Web element found with locator value: #action-section > div.click-card-container > mat-card:nth-child(1) using locator Type: css
10/12/20 16:47:50 PM Thursday: BarcodeConfigurations: INFO: Clicked on WebElement with locator value #action-section > div.click-card-container > mat-card:nth-child(1) using locator Type: css
10/12/20 16:47:50 PM Thursday: BarcodeConfigurations: INFO: Web element found with locator value: #action-section > app-button > button using locator Type: css
10/12/20 16:47:50 PM Thursday: BarcodeConfigurations: INFO: Clicked on WebElement with locator value #action-section > app-button > button using locator Type: css
10/12/20 16:47:50 PM Thursday: BarcodeConfigurations: INFO: Web element found with locator value: #save-container > app-button:nth-child(1) > button using locator Type: css
10/12/20 16:47:50 PM Thursday: BarcodeConfigurations: INFO: Clicked on WebElement with locator value #save-container > app-button:nth-child(1) > button using locator Type: css
10/12/20 16:47:50 PM Thursday: BarcodeConfigurations: INFO: Web element found with locator value: #done-btn > button using locator Type: css
10/12/20 16:47:50 PM Thursday: BarcodeConfigurations: INFO: Clicked on WebElement with locator value #done-btn > button using locator Type: css
10/12/20 16:47:50 PM Thursday: BarcodeConfigurations: INFO: Web element found with locator value: #name-input > div > div.input-wrapper > input using locator Type: css
10/12/20 16:47:50 PM Thursday: BarcodeConfigurations: INFO: Sent the text PGI-687 Error in WebElement with locator value #name-input > div > div.input-wrapper > input using locatorType css
10/12/20 16:47:52 PM Thursday: BarcodeConfigurations: INFO: Web element found with locator value: #mat-dialog-0 > div > div.modal-btn-container > app-button:nth-child(2) > button using locator Type: css
10/12/20 16:47:52 PM Thursday: BarcodeConfigurations: INFO: Clicked on WebElement with locator value #mat-dialog-0 > div > div.modal-btn-container > app-button:nth-child(2) > button using locator Type: css
10/12/20 16:47:55 PM Thursday: BarcodeConfigurations: INFO: Web element found with locator value: #dialog-container using locator Type: css
10/12/20 16:47:55 PM Thursday: BarcodeConfigurations: INFO: WebElement is Displayed on web page with locator value #dialog-container using locatorType css
10/12/20 16:47:55 PM Thursday: BarcodeConfigurations: INFO: Error screen-apply_the_configuration is shown.
10/12/20 16:47:55 PM Thursday: BarcodeConfigurations: INFO: Web element found with locator value: #button-container > app-button:nth-child(2) > button using locator Type: css
10/12/20 16:47:55 PM Thursday: BarcodeConfigurations: INFO: Clicked on WebElement with locator value #button-container > app-button:nth-child(2) > button using locator Type: css
10/12/20 16:47:57 PM Thursday: BarcodeConfigurations: INFO: Web element found with locator value: body > app-root > div > app-alert > div > mat-card > div using locator Type: css
10/12/20 16:47:57 PM Thursday: BarcodeConfigurations: INFO: WebElement is Displayed on web page with locator value body > app-root > div > app-alert > div > mat-card > div using locatorType css
30/03/21 16:22:10 PM Tuesday: WebDriverClass: INFO: Chrome driver is initializing.
30/03/21 16:22:14 PM Tuesday: BaseClass: INFO: Web page launched with url: http://dummypoint.com/seleniumtemplate.html
30/03/21 16:22:14 PM Tuesday: BaseClass: INFO: Web element found with locator value: Form using locator Type: link
30/03/21 16:22:14 PM Tuesday: BaseClass: INFO: Clicked on WebElement with locator value Form using locator Type: link
30/03/21 16:22:17 PM Tuesday: BaseClass: INFO: Web element found with locator value: reused_form using locator Type: id
30/03/21 16:22:17 PM Tuesday: BaseClass: INFO: WebElement is Displayed on web page with locator value reused_form using locatorType id
30/03/21 16:22:19 PM Tuesday: BaseClass: INFO: Web element found with locator value: reused_form using locator Type: id
30/03/21 16:22:19 PM Tuesday: BaseClass: INFO: WebElement is Displayed on web page with locator value reused_form using locatorType id
30/03/21 16:22:19 PM Tuesday: BaseClass: INFO: Web element found with locator value: name using locator Type: id
30/03/21 16:22:20 PM Tuesday: BaseClass: INFO: Sent the text Candi rocks! in WebElement with locator value name using locatorType id
30/03/21 16:22:20 PM Tuesday: BaseClass: INFO: Web element found with locator value: email using locator Type: id
30/03/21 16:22:20 PM Tuesday: BaseClass: INFO: Sent the text cchiu615@gmail.com in WebElement with locator value email using locatorType id
30/03/21 16:22:20 PM Tuesday: BaseClass: INFO: Web element found with locator value: input.form-radio[value=female] using locator Type: css
30/03/21 16:22:20 PM Tuesday: BaseClass: INFO: Clicked on WebElement with locator value input.form-radio[value=female] using locator Type: css
30/03/21 16:22:20 PM Tuesday: BaseClass: INFO: Web element found with locator value: message using locator Type: id
30/03/21 16:22:20 PM Tuesday: BaseClass: INFO: Sent the text High Vibe in WebElement with locator value message using locatorType id
30/03/21 16:22:20 PM Tuesday: BaseClass: INFO: Web element found with locator value: captcha_image using locator Type: id
30/03/21 16:22:20 PM Tuesday: BaseClass: INFO: Got the text SGH456 in WebElement with locator value captcha_image using locatorType id
30/03/21 16:22:20 PM Tuesday: BaseClass: INFO: Web element found with locator value: captcha_image using locator Type: id
30/03/21 16:22:20 PM Tuesday: BaseClass: INFO: Got the text SGH456 in WebElement with locator value captcha_image using locatorType id
30/03/21 16:22:20 PM Tuesday: BaseClass: INFO: Web element found with locator value: captcha using locator Type: id
30/03/21 16:22:20 PM Tuesday: BaseClass: INFO: Sent the text SGH456 in WebElement with locator value captcha using locatorType id
30/03/21 16:22:20 PM Tuesday: BaseClass: INFO: Web element found with locator value: btnContactUs using locator Type: id
30/03/21 16:22:20 PM Tuesday: BaseClass: INFO: Scrolled to WebElement with locator value btnContactUs using locatorType id
30/03/21 16:22:20 PM Tuesday: BaseClass: INFO: Web element found with locator value: btnContactUs using locator Type: id
30/03/21 16:22:21 PM Tuesday: BaseClass: INFO: Clicked on WebElement with locator value btnContactUs using locator Type: id
30/03/21 16:25:47 PM Tuesday: WebDriverClass: INFO: Chrome driver is initializing.
30/03/21 16:25:48 PM Tuesday: BaseClass: INFO: Web page launched with url: http://dummypoint.com/seleniumtemplate.html
30/03/21 16:25:49 PM Tuesday: BaseClass: INFO: Web element found with locator value: Form using locator Type: link
30/03/21 16:25:50 PM Tuesday: BaseClass: INFO: Clicked on WebElement with locator value Form using locator Type: link
30/03/21 16:25:53 PM Tuesday: BaseClass: INFO: Web element found with locator value: reused_form using locator Type: id
30/03/21 16:25:53 PM Tuesday: BaseClass: INFO: WebElement is Displayed on web page with locator value reused_form using locatorType id
30/03/21 16:25:55 PM Tuesday: BaseClass: INFO: Web element found with locator value: reused_form using locator Type: id
30/03/21 16:25:55 PM Tuesday: BaseClass: INFO: WebElement is Displayed on web page with locator value reused_form using locatorType id
30/03/21 16:25:55 PM Tuesday: BaseClass: INFO: Web element found with locator value: name using locator Type: id
30/03/21 16:25:55 PM Tuesday: BaseClass: INFO: Sent the text Candi rocks! in WebElement with locator value name using locatorType id
30/03/21 16:25:55 PM Tuesday: BaseClass: INFO: Web element found with locator value: email using locator Type: id
30/03/21 16:25:55 PM Tuesday: BaseClass: INFO: Sent the text cchiu615@gmail.com in WebElement with locator value email using locatorType id
30/03/21 16:25:55 PM Tuesday: BaseClass: INFO: Web element found with locator value: input.form-radio[value=female] using locator Type: css
30/03/21 16:25:55 PM Tuesday: BaseClass: INFO: Clicked on WebElement with locator value input.form-radio[value=female] using locator Type: css
30/03/21 16:25:55 PM Tuesday: BaseClass: INFO: Web element found with locator value: message using locator Type: id
30/03/21 16:25:55 PM Tuesday: BaseClass: INFO: Sent the text High Vibe in WebElement with locator value message using locatorType id
30/03/21 16:25:55 PM Tuesday: BaseClass: INFO: Web element found with locator value: captcha_image using locator Type: id
30/03/21 16:25:55 PM Tuesday: BaseClass: INFO: Got the text SGH456 in WebElement with locator value captcha_image using locatorType id
30/03/21 16:25:55 PM Tuesday: BaseClass: INFO: Web element found with locator value: captcha_image using locator Type: id
30/03/21 16:25:55 PM Tuesday: BaseClass: INFO: Got the text SGH456 in WebElement with locator value captcha_image using locatorType id
30/03/21 16:25:55 PM Tuesday: BaseClass: INFO: Web element found with locator value: captcha using locator Type: id
30/03/21 16:25:55 PM Tuesday: BaseClass: INFO: Sent the text SGH456 in WebElement with locator value captcha using locatorType id
30/03/21 16:25:55 PM Tuesday: BaseClass: INFO: Web element found with locator value: btnContactUs using locator Type: id
30/03/21 16:25:56 PM Tuesday: BaseClass: INFO: Scrolled to WebElement with locator value btnContactUs using locatorType id
30/03/21 16:25:56 PM Tuesday: BaseClass: INFO: Web element found with locator value: btnContactUs using locator Type: id
30/03/21 16:25:56 PM Tuesday: BaseClass: INFO: Clicked on WebElement with locator value btnContactUs using locator Type: id
30/03/21 16:26:27 PM Tuesday: WebDriverClass: INFO: Chrome driver is initializing.
30/03/21 16:27:44 PM Tuesday: BaseClass: INFO: Web page not launched with url: http://dummypoint.com/seleniumtemplate.html
30/03/21 16:28:12 PM Tuesday: WebDriverClass: INFO: Chrome driver is initializing.
30/03/21 16:28:14 PM Tuesday: BaseClass: INFO: Web page launched with url: http://dummypoint.com/seleniumtemplate.html
30/03/21 16:28:17 PM Tuesday: BaseClass: INFO: Web element found with locator value: section-body using locator Type: class
30/03/21 16:28:17 PM Tuesday: BaseClass: INFO: WebElement is Displayed on web page with locator value section-body using locatorType class
30/03/21 16:28:20 PM Tuesday: BaseClass: INFO: Web element found with locator value: user_input using locator Type: id
30/03/21 16:28:20 PM Tuesday: BaseClass: INFO: Sent the text Candi is cute. in WebElement with locator value user_input using locatorType id
30/03/21 16:28:21 PM Tuesday: BaseClass: INFO: Web element found with locator value: submitbutton using locator Type: id
30/03/21 16:28:21 PM Tuesday: BaseClass: INFO: Clicked on WebElement with locator value submitbutton using locator Type: id
